<?xml version="1.0" encoding="UTF-8" ?>
<testsuite errors="0" failures="0" hostname="info-212-05x.iut.bx1" name="lowatem.CoordonneesTest" skipped="0" tests="18" time="0.179" timestamp="2021-11-24T13:06:52">
  <properties>
[...]
</properties>
  <testcase classname="lowatem.CoordonneesTest" name="testCarColonneVersNum" time="0.001" />
  <testcase classname="lowatem.CoordonneesTest" name="testSuivantes" time="0.001" />
  <testcase classname="lowatem.CoordonneesTest" name="testCarLigneVersNumException1" time="0.0" />
  <testcase classname="lowatem.CoordonneesTest" name="testCarLigneVersNumException2" time="0.001" />
  <testcase classname="lowatem.CoordonneesTest" name="testCarColonneVersNumException1" time="0.0" />
  <testcase classname="lowatem.CoordonneesTest" name="testCarColonneVersNumException2" time="0.0" />
  <testcase classname="lowatem.CoordonneesTest" name="testDepuisChar" time="0.001" />
  <testcase classname="lowatem.CoordonneesTest" name="testCarLigneException1" time="0.0" />
  <testcase classname="lowatem.CoordonneesTest" name="testCarLigneException2" time="0.0" />
  <testcase classname="lowatem.CoordonneesTest" name="testCarColonneException1" time="0.001" />
  <testcase classname="lowatem.CoordonneesTest" name="testCarColonneException2" time="0.001" />
  <testcase classname="lowatem.CoordonneesTest" name="testCarLigne" time="0.0" />
  <testcase classname="lowatem.CoordonneesTest" name="testEstDansPlateau" time="0.0" />
  <testcase classname="lowatem.CoordonneesTest" name="testCarLigneVersNum" time="0.0" />
  <testcase classname="lowatem.CoordonneesTest" name="testMemeColonne" time="0.001" />
  <testcase classname="lowatem.CoordonneesTest" name="testCarColonne" time="0.003" />
  <testcase classname="lowatem.CoordonneesTest" name="testConstructeurInt" time="0.0" />
  <testcase classname="lowatem.CoordonneesTest" name="testMemeLigne" time="0.0" />
  <system-out><![CDATA[]]></system-out>
  <system-err><![CDATA[]]></system-err>
</testsuite>
